2023-09-07 18:30:08.809 -03:00 INFO  XOutput.Tools.DependencyEmbedder.CurrentDomain_AssemblyResolve: Loading SharpDX.DirectInput.dll from embedded resources
2023-09-07 18:30:08.877 -03:00 INFO  XOutput.Tools.DependencyEmbedder.CurrentDomain_AssemblyResolve: Loading SharpDX.dll from embedded resources
2023-09-07 18:30:08.965 -03:00 INFO  XOutput.UI.Windows.MainWindow..ctor: Starting XOutput in normal window
2023-09-07 18:30:09.019 -03:00 INFO  XOutput.Tools.DependencyEmbedder.CurrentDomain_AssemblyResolve: Loading Hardcodet.Wpf.TaskbarNotification.dll from embedded resources
2023-09-07 18:30:09.473 -03:00 INFO  XOutput.Tools.DependencyEmbedder.CurrentDomain_AssemblyResolve: Loading Newtonsoft.Json.dll from embedded resources
2023-09-07 18:30:09.635 -03:00 INFO  XOutput.Tools.LanguageManager..ctor: Brazilian Portuguese language is loaded.
2023-09-07 18:30:09.635 -03:00 INFO  XOutput.Tools.LanguageManager..ctor: English language is loaded.
2023-09-07 18:30:09.635 -03:00 INFO  XOutput.Tools.LanguageManager..ctor: French language is loaded.
2023-09-07 18:30:09.635 -03:00 INFO  XOutput.Tools.LanguageManager..ctor: German language is loaded.
2023-09-07 18:30:09.635 -03:00 INFO  XOutput.Tools.LanguageManager..ctor: Greek language is loaded.
2023-09-07 18:30:09.635 -03:00 INFO  XOutput.Tools.LanguageManager..ctor: Hungarian language is loaded.
2023-09-07 18:30:09.636 -03:00 INFO  XOutput.Tools.LanguageManager..ctor: Russian language is loaded.
2023-09-07 18:30:09.636 -03:00 INFO  XOutput.Tools.LanguageManager..ctor: Simplified Chinese language is loaded.
2023-09-07 18:30:09.636 -03:00 INFO  XOutput.Tools.LanguageManager..ctor: Spanish language is loaded.
2023-09-07 18:30:09.636 -03:00 INFO  XOutput.Tools.LanguageManager.set_Language: Language is set to English
2023-09-07 18:30:09.642 -03:00 INFO  XOutput.UI.Windows.MainWindowViewModel.Initialize: Loading settings was successful.
2023-09-07 18:30:09.643 -03:00 INFO  XOutput.Tools.DependencyEmbedder.CurrentDomain_AssemblyResolve: Loading Nefarius.ViGEm.Client.dll from embedded resources
2023-09-07 18:30:09.845 -03:00 ERROR XOutput.UI.Windows.MainWindowViewModel.Initialize: Neither ViGEm nor SCPToolkit is installed.
2023-09-07 18:30:13.560 -03:00 INFO  XOutput.Devices.Input.DirectInput.DirectDevice..ctor: Wire 39332db0-19e3-11ee-800a-444553540000
2023-09-07 18:30:13.575 -03:00 INFO  XOutput.Devices.Input.DirectInput.DirectDevice..ctor: {
Properties: {
  AutoCenter: Se produjo una excepción en el destino de la invocación.
  AxisMode: Absolute
  BufferSize: 128
  ClassGuid: 745a17a0-74d3-11d0-b6fe-00a0c90f57da
  DeadZone: Se produjo una excepción en el destino de la invocación.
  ForceFeedbackGain: 10000
  Granularity: Se produjo una excepción en el destino de la invocación.
  InstanceName: Wire
  InterfacePath: \\?\hid#vid_054c&pid_05c4#6&357afc49&0&0000#{4d1e55b2-f16f-11cf-88cb-001111000030}
  JoystickId: 1
  MemoryLoad: Se produjo una excepción en el destino de la invocación.
  PortDisplayName: Se produjo una excepción en el destino de la invocación.
  ProductId: 1476
  ProductName: Wire
  Range: Se produjo una excepción en el destino de la invocación.
  Saturation: Se produjo una excepción en el destino de la invocación.
  TypeName: Se produjo una excepción en el destino de la invocación.
  UserName: Se produjo una excepción en el destino de la invocación.
  VendorId: 1356
}
CreatedEffects: [
]
Capabilities: {
  Type: Gamepad
  Subtype: 258
  IsHumanInterfaceDevice: True
  Flags: Attached, Emulated
  AxeCount: 6
  ButtonCount: 14
  PovCount: 1
  ForceFeedbackSamplePeriod: 0
  ForceFeedbackMinimumTimeResolution: 0
  FirmwareRevision: 0
  HardwareRevision: 0
  DriverVersion: 0
}
Information: {
  Type: Gamepad
  Subtype: 258
  IsHumanInterfaceDevice: True
  InstanceGuid: 39332db0-19e3-11ee-800a-444553540000
  ProductGuid: 05c4054c-0000-0000-0000-504944564944
  InstanceName: Wire
  ProductName: Wire
  ForceFeedbackDriverGuid: 00000000-0000-0000-0000-000000000000
  UsagePage: Generic
  Usage: GenericGamepad
}
Tag: null
NativePointer: 2029121689832
IsDisposed: False
}
2023-09-07 18:30:13.575 -03:00 INFO  XOutput.Devices.Input.DirectInput.DirectDevice..ctor: [
  ObjectType: a36d02e3-c9f3-11cf-bfc7-444553540000
  Offset: 0
  ObjectId: Flags: AbsoluteAxis InstanceNumber: 5 RawId: 0x00000502
  Aspect: Position
  Name: Rotación Z
  MaximumForceFeedback: 0
  ForceFeedbackResolution: 0
  CollectionNumber: 0
  DesignatorIndex: 0
  UsagePage: 1
  Usage: 53
  Dimension: 0
  Exponent: 0
  ReportId: 1
  ,
  ObjectType: a36d02e2-c9f3-11cf-bfc7-444553540000
  Offset: 4
  ObjectId: Flags: AbsoluteAxis InstanceNumber: 2 RawId: 0x00000202
  Aspect: Position
  Name: Eje Z
  MaximumForceFeedback: 0
  ForceFeedbackResolution: 0
  CollectionNumber: 0
  DesignatorIndex: 0
  UsagePage: 1
  Usage: 50
  Dimension: 0
  Exponent: 0
  ReportId: 1
  ,
  ObjectType: a36d02e1-c9f3-11cf-bfc7-444553540000
  Offset: 8
  ObjectId: Flags: AbsoluteAxis InstanceNumber: 1 RawId: 0x00000102
  Aspect: Position
  Name: Eje Y
  MaximumForceFeedback: 0
  ForceFeedbackResolution: 0
  CollectionNumber: 0
  DesignatorIndex: 0
  UsagePage: 1
  Usage: 49
  Dimension: 0
  Exponent: 0
  ReportId: 1
  ,
  ObjectType: a36d02e0-c9f3-11cf-bfc7-444553540000
  Offset: 12
  ObjectId: Flags: AbsoluteAxis InstanceNumber: 0 RawId: 0x00000002
  Aspect: Position
  Name: Eje X
  MaximumForceFeedback: 0
  ForceFeedbackResolution: 0
  CollectionNumber: 0
  DesignatorIndex: 0
  UsagePage: 1
  Usage: 48
  Dimension: 0
  Exponent: 0
  ReportId: 1
  ,
  ObjectType: a36d02f2-c9f3-11cf-bfc7-444553540000
  Offset: 16
  ObjectId: Flags: PointOfViewController InstanceNumber: 0 RawId: 0x00000010
  Aspect: Position
  Name: Botón del control
  MaximumForceFeedback: 0
  ForceFeedbackResolution: 0
  CollectionNumber: 0
  DesignatorIndex: 0
  UsagePage: 1
  Usage: 57
  Dimension: 20
  Exponent: 0
  ReportId: 1
  ,
  ObjectType: a36d02f0-c9f3-11cf-bfc7-444553540000
  Offset: 212
  ObjectId: Flags: PushButton InstanceNumber: 0 RawId: 0x00000004
  Aspect: 0
  Name: Botón 0
  MaximumForceFeedback: 0
  ForceFeedbackResolution: 0
  CollectionNumber: 0
  DesignatorIndex: 0
  UsagePage: 9
  Usage: 1
  Dimension: 0
  Exponent: 0
  ReportId: 1
  ,
  ObjectType: a36d02f0-c9f3-11cf-bfc7-444553540000
  Offset: 213
  ObjectId: Flags: PushButton InstanceNumber: 1 RawId: 0x00000104
  Aspect: 0
  Name: Botón 1
  MaximumForceFeedback: 0
  ForceFeedbackResolution: 0
  CollectionNumber: 0
  DesignatorIndex: 0
  UsagePage: 9
  Usage: 2
  Dimension: 0
  Exponent: 0
  ReportId: 1
  ,
  ObjectType: a36d02f0-c9f3-11cf-bfc7-444553540000
  Offset: 214
  ObjectId: Flags: PushButton InstanceNumber: 2 RawId: 0x00000204
  Aspect: 0
  Name: Botón 2
  MaximumForceFeedback: 0
  ForceFeedbackResolution: 0
  CollectionNumber: 0
  DesignatorIndex: 0
  UsagePage: 9
  Usage: 3
  Dimension: 0
  Exponent: 0
  ReportId: 1
  ,
  ObjectType: a36d02f0-c9f3-11cf-bfc7-444553540000
  Offset: 215
  ObjectId: Flags: PushButton InstanceNumber: 3 RawId: 0x00000304
  Aspect: 0
  Name: Botón 3
  MaximumForceFeedback: 0
  ForceFeedbackResolution: 0
  CollectionNumber: 0
  DesignatorIndex: 0
  UsagePage: 9
  Usage: 4
  Dimension: 0
  Exponent: 0
  ReportId: 1
  ,
  ObjectType: a36d02f0-c9f3-11cf-bfc7-444553540000
  Offset: 216
  ObjectId: Flags: PushButton InstanceNumber: 4 RawId: 0x00000404
  Aspect: 0
  Name: Botón 4
  MaximumForceFeedback: 0
  ForceFeedbackResolution: 0
  CollectionNumber: 0
  DesignatorIndex: 0
  UsagePage: 9
  Usage: 5
  Dimension: 0
  Exponent: 0
  ReportId: 1
  ,
  ObjectType: a36d02f0-c9f3-11cf-bfc7-444553540000
  Offset: 217
  ObjectId: Flags: PushButton InstanceNumber: 5 RawId: 0x00000504
  Aspect: 0
  Name: Botón 5
  MaximumForceFeedback: 0
  ForceFeedbackResolution: 0
  CollectionNumber: 0
  DesignatorIndex: 0
  UsagePage: 9
  Usage: 6
  Dimension: 0
  Exponent: 0
  ReportId: 1
  ,
  ObjectType: a36d02f0-c9f3-11cf-bfc7-444553540000
  Offset: 218
  ObjectId: Flags: PushButton InstanceNumber: 6 RawId: 0x00000604
  Aspect: 0
  Name: Botón 6
  MaximumForceFeedback: 0
  ForceFeedbackResolution: 0
  CollectionNumber: 0
  DesignatorIndex: 0
  UsagePage: 9
  Usage: 7
  Dimension: 0
  Exponent: 0
  ReportId: 1
  ,
  ObjectType: a36d02f0-c9f3-11cf-bfc7-444553540000
  Offset: 219
  ObjectId: Flags: PushButton InstanceNumber: 7 RawId: 0x00000704
  Aspect: 0
  Name: Botón 7
  MaximumForceFeedback: 0
  ForceFeedbackResolution: 0
  CollectionNumber: 0
  DesignatorIndex: 0
  UsagePage: 9
  Usage: 8
  Dimension: 0
  Exponent: 0
  ReportId: 1
  ,
  ObjectType: a36d02f0-c9f3-11cf-bfc7-444553540000
  Offset: 220
  ObjectId: Flags: PushButton InstanceNumber: 8 RawId: 0x00000804
  Aspect: 0
  Name: Botón 8
  MaximumForceFeedback: 0
  ForceFeedbackResolution: 0
  CollectionNumber: 0
  DesignatorIndex: 0
  UsagePage: 9
  Usage: 9
  Dimension: 0
  Exponent: 0
  ReportId: 1
  ,
  ObjectType: a36d02f0-c9f3-11cf-bfc7-444553540000
  Offset: 221
  ObjectId: Flags: PushButton InstanceNumber: 9 RawId: 0x00000904
  Aspect: 0
  Name: Botón 9
  MaximumForceFeedback: 0
  ForceFeedbackResolution: 0
  CollectionNumber: 0
  DesignatorIndex: 0
  UsagePage: 9
  Usage: 10
  Dimension: 0
  Exponent: 0
  ReportId: 1
  ,
  ObjectType: a36d02f0-c9f3-11cf-bfc7-444553540000
  Offset: 222
  ObjectId: Flags: PushButton InstanceNumber: 10 RawId: 0x00000A04
  Aspect: 0
  Name: Botón 10
  MaximumForceFeedback: 0
  ForceFeedbackResolution: 0
  CollectionNumber: 0
  DesignatorIndex: 0
  UsagePage: 9
  Usage: 11
  Dimension: 0
  Exponent: 0
  ReportId: 1
  ,
  ObjectType: a36d02f0-c9f3-11cf-bfc7-444553540000
  Offset: 223
  ObjectId: Flags: PushButton InstanceNumber: 11 RawId: 0x00000B04
  Aspect: 0
  Name: Botón 11
  MaximumForceFeedback: 0
  ForceFeedbackResolution: 0
  CollectionNumber: 0
  DesignatorIndex: 0
  UsagePage: 9
  Usage: 12
  Dimension: 0
  Exponent: 0
  ReportId: 1
  ,
  ObjectType: a36d02f0-c9f3-11cf-bfc7-444553540000
  Offset: 224
  ObjectId: Flags: PushButton InstanceNumber: 12 RawId: 0x00000C04
  Aspect: 0
  Name: Botón 12
  MaximumForceFeedback: 0
  ForceFeedbackResolution: 0
  CollectionNumber: 0
  DesignatorIndex: 0
  UsagePage: 9
  Usage: 13
  Dimension: 0
  Exponent: 0
  ReportId: 1
  ,
  ObjectType: a36d02f0-c9f3-11cf-bfc7-444553540000
  Offset: 225
  ObjectId: Flags: PushButton InstanceNumber: 13 RawId: 0x00000D04
  Aspect: 0
  Name: Botón 13
  MaximumForceFeedback: 0
  ForceFeedbackResolution: 0
  CollectionNumber: 0
  DesignatorIndex: 0
  UsagePage: 9
  Usage: 14
  Dimension: 0
  Exponent: 0
  ReportId: 1
  ,
  ObjectType: a36d02f5-c9f3-11cf-bfc7-444553540000
  Offset: 24
  ObjectId: Flags: AbsoluteAxis InstanceNumber: 4 RawId: 0x00000402
  Aspect: Position
  Name: Rotación Y
  MaximumForceFeedback: 0
  ForceFeedbackResolution: 0
  CollectionNumber: 0
  DesignatorIndex: 0
  UsagePage: 1
  Usage: 52
  Dimension: 0
  Exponent: 0
  ReportId: 1
  ,
  ObjectType: a36d02f4-c9f3-11cf-bfc7-444553540000
  Offset: 28
  ObjectId: Flags: AbsoluteAxis InstanceNumber: 3 RawId: 0x00000302
  Aspect: Position
  Name: Rotación X
  MaximumForceFeedback: 0
  ForceFeedbackResolution: 0
  CollectionNumber: 0
  DesignatorIndex: 0
  UsagePage: 1
  Usage: 51
  Dimension: 0
  Exponent: 0
  ReportId: 1
  ,
  ObjectType: a36d02f3-c9f3-11cf-bfc7-444553540000
  Offset: 0
  ObjectId: Flags: Collection, NoData InstanceNumber: 0 RawId: 0x000000C0
  Aspect: 0
  Name: Colección 0 - Controlador para juegos
  MaximumForceFeedback: 0
  ForceFeedbackResolution: 0
  CollectionNumber: 0
  DesignatorIndex: 0
  UsagePage: 1
  Usage: 5
  Dimension: 0
  Exponent: 0
  ReportId: 0
  ,
]
2023-09-07 18:30:13.576 -03:00 INFO  XOutput.Devices.Input.DirectInput.DirectDevice..ctor:   Rotación Z Flags: AbsoluteAxis InstanceNumber: 5 RawId: 0x00000502 offset: 0 objecttype: a36d02e3-c9f3-11cf-bfc7-444553540000 53
2023-09-07 18:30:13.576 -03:00 INFO  XOutput.Devices.Input.DirectInput.DirectDevice..ctor:   Eje Z Flags: AbsoluteAxis InstanceNumber: 2 RawId: 0x00000202 offset: 4 objecttype: a36d02e2-c9f3-11cf-bfc7-444553540000 50
2023-09-07 18:30:13.576 -03:00 INFO  XOutput.Devices.Input.DirectInput.DirectDevice..ctor:   Eje Y Flags: AbsoluteAxis InstanceNumber: 1 RawId: 0x00000102 offset: 8 objecttype: a36d02e1-c9f3-11cf-bfc7-444553540000 49
2023-09-07 18:30:13.576 -03:00 INFO  XOutput.Devices.Input.DirectInput.DirectDevice..ctor:   Eje X Flags: AbsoluteAxis InstanceNumber: 0 RawId: 0x00000002 offset: 12 objecttype: a36d02e0-c9f3-11cf-bfc7-444553540000 48
2023-09-07 18:30:13.576 -03:00 INFO  XOutput.Devices.Input.DirectInput.DirectDevice..ctor:   Botón del control Flags: PointOfViewController InstanceNumber: 0 RawId: 0x00000010 offset: 16 objecttype: a36d02f2-c9f3-11cf-bfc7-444553540000 57
2023-09-07 18:30:13.576 -03:00 INFO  XOutput.Devices.Input.DirectInput.DirectDevice..ctor:   Botón 0 Flags: PushButton InstanceNumber: 0 RawId: 0x00000004 offset: 212 objecttype: a36d02f0-c9f3-11cf-bfc7-444553540000 1
2023-09-07 18:30:13.576 -03:00 INFO  XOutput.Devices.Input.DirectInput.DirectDevice..ctor:   Botón 1 Flags: PushButton InstanceNumber: 1 RawId: 0x00000104 offset: 213 objecttype: a36d02f0-c9f3-11cf-bfc7-444553540000 2
2023-09-07 18:30:13.576 -03:00 INFO  XOutput.Devices.Input.DirectInput.DirectDevice..ctor:   Botón 2 Flags: PushButton InstanceNumber: 2 RawId: 0x00000204 offset: 214 objecttype: a36d02f0-c9f3-11cf-bfc7-444553540000 3
2023-09-07 18:30:13.576 -03:00 INFO  XOutput.Devices.Input.DirectInput.DirectDevice..ctor:   Botón 3 Flags: PushButton InstanceNumber: 3 RawId: 0x00000304 offset: 215 objecttype: a36d02f0-c9f3-11cf-bfc7-444553540000 4
2023-09-07 18:30:13.576 -03:00 INFO  XOutput.Devices.Input.DirectInput.DirectDevice..ctor:   Botón 4 Flags: PushButton InstanceNumber: 4 RawId: 0x00000404 offset: 216 objecttype: a36d02f0-c9f3-11cf-bfc7-444553540000 5
2023-09-07 18:30:13.576 -03:00 INFO  XOutput.Devices.Input.DirectInput.DirectDevice..ctor:   Botón 5 Flags: PushButton InstanceNumber: 5 RawId: 0x00000504 offset: 217 objecttype: a36d02f0-c9f3-11cf-bfc7-444553540000 6
2023-09-07 18:30:13.576 -03:00 INFO  XOutput.Devices.Input.DirectInput.DirectDevice..ctor:   Botón 6 Flags: PushButton InstanceNumber: 6 RawId: 0x00000604 offset: 218 objecttype: a36d02f0-c9f3-11cf-bfc7-444553540000 7
2023-09-07 18:30:13.576 -03:00 INFO  XOutput.Devices.Input.DirectInput.DirectDevice..ctor:   Botón 7 Flags: PushButton InstanceNumber: 7 RawId: 0x00000704 offset: 219 objecttype: a36d02f0-c9f3-11cf-bfc7-444553540000 8
2023-09-07 18:30:13.576 -03:00 INFO  XOutput.Devices.Input.DirectInput.DirectDevice..ctor:   Botón 8 Flags: PushButton InstanceNumber: 8 RawId: 0x00000804 offset: 220 objecttype: a36d02f0-c9f3-11cf-bfc7-444553540000 9
2023-09-07 18:30:13.576 -03:00 INFO  XOutput.Devices.Input.DirectInput.DirectDevice..ctor:   Botón 9 Flags: PushButton InstanceNumber: 9 RawId: 0x00000904 offset: 221 objecttype: a36d02f0-c9f3-11cf-bfc7-444553540000 10
2023-09-07 18:30:13.576 -03:00 INFO  XOutput.Devices.Input.DirectInput.DirectDevice..ctor:   Botón 10 Flags: PushButton InstanceNumber: 10 RawId: 0x00000A04 offset: 222 objecttype: a36d02f0-c9f3-11cf-bfc7-444553540000 11
2023-09-07 18:30:13.576 -03:00 INFO  XOutput.Devices.Input.DirectInput.DirectDevice..ctor:   Botón 11 Flags: PushButton InstanceNumber: 11 RawId: 0x00000B04 offset: 223 objecttype: a36d02f0-c9f3-11cf-bfc7-444553540000 12
2023-09-07 18:30:13.576 -03:00 INFO  XOutput.Devices.Input.DirectInput.DirectDevice..ctor:   Botón 12 Flags: PushButton InstanceNumber: 12 RawId: 0x00000C04 offset: 224 objecttype: a36d02f0-c9f3-11cf-bfc7-444553540000 13
2023-09-07 18:30:13.576 -03:00 INFO  XOutput.Devices.Input.DirectInput.DirectDevice..ctor:   Botón 13 Flags: PushButton InstanceNumber: 13 RawId: 0x00000D04 offset: 225 objecttype: a36d02f0-c9f3-11cf-bfc7-444553540000 14
2023-09-07 18:30:13.576 -03:00 INFO  XOutput.Devices.Input.DirectInput.DirectDevice..ctor:   Rotación Y Flags: AbsoluteAxis InstanceNumber: 4 RawId: 0x00000402 offset: 24 objecttype: a36d02f5-c9f3-11cf-bfc7-444553540000 52
2023-09-07 18:30:13.576 -03:00 INFO  XOutput.Devices.Input.DirectInput.DirectDevice..ctor:   Rotación X Flags: AbsoluteAxis InstanceNumber: 3 RawId: 0x00000302 offset: 28 objecttype: a36d02f4-c9f3-11cf-bfc7-444553540000 51
2023-09-07 18:30:13.576 -03:00 INFO  XOutput.Devices.Input.DirectInput.DirectDevice..ctor:   Colección 0 - Controlador para juegos Flags: Collection, NoData InstanceNumber: 0 RawId: 0x000000C0 offset: 0 objecttype: a36d02f3-c9f3-11cf-bfc7-444553540000 5
2023-09-07 18:30:13.631 -03:00 INFO  XOutput.UI.Windows.MainWindowViewModel.Initialize: Keyboard controller is connected
2023-09-07 18:30:13.634 -03:00 INFO  XOutput.UI.Windows.MainWindow.Initialize: The application has started.
2023-09-07 18:30:13.762 -03:00 INFO  XOutput.UI.Windows.MainWindowViewModel.VersionCompare: New version is available
2023-09-07 19:18:56.616 -03:00 INFO  XOutput.UI.Windows.MainWindow.WindowClosed: The application will exit.
